Using pre-set license
Built from '2021.3/staging' branch; Version is '2021.3.26f1 (a16dc32e0ff2) revision 10579395'; Using compiler version '192829333'; Build Type 'Release'
OS: 'Windows 11  (10.0.22621) 64bit CoreSingleLanguage' Language: 'en' Physical Memory: 15613 MB
BatchMode: 1, IsHumanControllingUs: 0, StartBugReporterOnCrash: 0, Is64bit: 1, IsPro: 1

COMMAND LINE ARGUMENTS:
E:\unity\2021.3.26f1\Editor\Unity.exe
-adb2
-batchMode
-noUpm
-name
AssetImportWorker0
-projectPath
E:/github/BridgeRace_Tuyen/BridgeRace_Tuyen
-logFile
Logs/AssetImportWorker0.log
-srvPort
51603
Successfully changed project path to: E:/github/BridgeRace_Tuyen/BridgeRace_Tuyen
E:/github/BridgeRace_Tuyen/BridgeRace_Tuyen
[UnityMemory] Configuration Parameters - Can be set up in boot.config
    "memorysetup-bucket-allocator-granularity=16"
    "memorysetup-bucket-allocator-bucket-count=8"
    "memorysetup-bucket-allocator-block-size=33554432"
    "memorysetup-bucket-allocator-block-count=8"
    "memorysetup-main-allocator-block-size=16777216"
    "memorysetup-thread-allocator-block-size=16777216"
    "memorysetup-gfx-main-allocator-block-size=16777216"
    "memorysetup-gfx-thread-allocator-block-size=16777216"
    "memorysetup-cache-allocator-block-size=4194304"
    "memorysetup-typetree-allocator-block-size=2097152"
    "memorysetup-profiler-bucket-allocator-granularity=16"
    "memorysetup-profiler-bucket-allocator-bucket-count=8"
    "memorysetup-profiler-bucket-allocator-block-size=33554432"
    "memorysetup-profiler-bucket-allocator-block-count=8"
    "memorysetup-profiler-allocator-block-size=16777216"
    "memorysetup-profiler-editor-allocator-block-size=1048576"
    "memorysetup-temp-allocator-size-main=16777216"
    "memorysetup-job-temp-allocator-block-size=2097152"
    "memorysetup-job-temp-allocator-block-size-background=1048576"
    "memorysetup-job-temp-allocator-reduction-small-platforms=262144"
    "memorysetup-temp-allocator-size-background-worker=32768"
    "memorysetup-temp-allocator-size-job-worker=262144"
    "memorysetup-temp-allocator-size-preload-manager=33554432"
    "memorysetup-temp-allocator-size-nav-mesh-worker=65536"
    "memorysetup-temp-allocator-size-audio-worker=65536"
    "memorysetup-temp-allocator-size-cloud-worker=32768"
    "memorysetup-temp-allocator-size-gi-baking-worker=262144"
    "memorysetup-temp-allocator-size-gfx=262144"
Player connection [37976] Host "[IP] 172.16.78.35 [Port] 0 [Flags] 2 [Guid] 1822191967 [EditorId] 1822191967 [Version] 1048832 [Id] WindowsEditor(7,bin1st090104) [Debug] 1 [PackageName] WindowsEditor [ProjectName] Editor" joined multi-casting on [225.0.0.222:54997]...

Player connection [37976] Host "[IP] 172.16.78.35 [Port] 0 [Flags] 2 [Guid] 1822191967 [EditorId] 1822191967 [Version] 1048832 [Id] WindowsEditor(7,bin1st090104) [Debug] 1 [PackageName] WindowsEditor [ProjectName] Editor" joined alternative multi-casting on [225.0.0.222:34997]...

Refreshing native plugins compatible for Editor in 54.19 ms, found 3 plugins.
Preloading 0 native plugins for Editor in 0.00 ms.
Initialize engine version: 2021.3.26f1 (a16dc32e0ff2)
[Subsystems] Discovering subsystems at path E:/unity/2021.3.26f1/Editor/Data/Resources/UnitySubsystems
[Subsystems] Discovering subsystems at path E:/github/BridgeRace_Tuyen/BridgeRace_Tuyen/Assets
GfxDevice: creating device client; threaded=0; jobified=0
Direct3D:
    Version:  Direct3D 11.0 [level 11.1]
    Renderer: NVIDIA GeForce RTX 3050 Laptop GPU (ID=0x25a2)
    Vendor:   NVIDIA
    VRAM:     3977 MB
    Driver:   31.0.15.3168
Initialize mono
Mono path[0] = 'E:/unity/2021.3.26f1/Editor/Data/Managed'
Mono path[1] = 'E:/unity/2021.3.26f1/Editor/Data/MonoBleedingEdge/lib/mono/unityjit-win32'
Mono config path = 'E:/unity/2021.3.26f1/Editor/Data/MonoBleedingEdge/etc'
Using monoOptions --debugger-agent=transport=dt_socket,embedding=1,server=y,suspend=n,address=127.0.0.1:56844
Begin MonoManager ReloadAssembly
Registering precompiled unity dll's ...
Register platform support module: E:/unity/2021.3.26f1/Editor/Data/PlaybackEngines/WebGLSupport/UnityEditor.WebGL.Extensions.dll
Register platform support module: E:/unity/2021.3.26f1/Editor/Data/PlaybackEngines/AndroidPlayer/UnityEditor.Android.Extensions.dll
Register platform support module: E:/unity/2021.3.26f1/Editor/Data/PlaybackEngines/WindowsStandaloneSupport/UnityEditor.WindowsStandalone.Extensions.dll
Registered in 0.001480 seconds.
Native extension for WindowsStandalone target not found
Native extension for Android target not found
Android Extension - Scanning For ADB Devices 217 ms
Native extension for WebGL target not found
Refreshing native plugins compatible for Editor in 56.69 ms, found 3 plugins.
Preloading 0 native plugins for Editor in 0.00 ms.
Mono: successfully reloaded assembly
- Completed reload, in  0.705 seconds
Domain Reload Profiling:
	ReloadAssembly (706ms)
		BeginReloadAssembly (55ms)
			ExecutionOrderSort (0ms)
			DisableScriptedObjects (0ms)
			BackupInstance (0ms)
			ReleaseScriptingObjects (0ms)
			CreateAndSetChildDomain (1ms)
		EndReloadAssembly (586ms)
			LoadAssemblies (55ms)
			RebuildTransferFunctionScriptingTraits (0ms)
			SetupTypeCache (79ms)
			ReleaseScriptCaches (0ms)
			RebuildScriptCaches (21ms)
			SetupLoadedEditorAssemblies (449ms)
				LogAssemblyErrors (0ms)
				InitializePlatformSupportModulesInManaged (285ms)
				SetLoadedEditorAssemblies (0ms)
				RefreshPlugins (57ms)
				BeforeProcessingInitializeOnLoad (1ms)
				ProcessInitializeOnLoadAttributes (70ms)
				ProcessInitializeOnLoadMethodAttributes (36ms)
				AfterProcessingInitializeOnLoad (0ms)
				EditorAssembliesLoaded (0ms)
			ExecutionOrderSort2 (0ms)
			AwakeInstancesAfterBackupRestoration (0ms)
Platform modules already initialized, skipping
Registering precompiled user dll's ...
Registered in 0.002127 seconds.
Begin MonoManager ReloadAssembly
Symbol file LoadedFromMemory doesn't match image E:\github\BridgeRace_Tuyen\BridgeRace_Tuyen\Library\PackageCache\com.unity.visualscripting@1.8.0\Editor\VisualScripting.Core\Dependencies\YamlDotNet\Unity.VisualScripting.YamlDotNet.dll
Symbol file LoadedFromMemory doesn't match image E:\github\BridgeRace_Tuyen\BridgeRace_Tuyen\Library\PackageCache\com.unity.visualscripting@1.8.0\Editor\VisualScripting.Core\Dependencies\DotNetZip\Unity.VisualScripting.IonicZip.dll
Native extension for WindowsStandalone target not found
Native extension for Android target not found
Native extension for WebGL target not found
Refreshing native plugins compatible for Editor in 0.51 ms, found 3 plugins.
Preloading 0 native plugins for Editor in 0.00 ms.
Mono: successfully reloaded assembly
- Completed reload, in  0.756 seconds
Domain Reload Profiling:
	ReloadAssembly (757ms)
		BeginReloadAssembly (97ms)
			ExecutionOrderSort (0ms)
			DisableScriptedObjects (5ms)
			BackupInstance (0ms)
			ReleaseScriptingObjects (0ms)
			CreateAndSetChildDomain (21ms)
		EndReloadAssembly (583ms)
			LoadAssemblies (55ms)
			RebuildTransferFunctionScriptingTraits (0ms)
			SetupTypeCache (194ms)
			ReleaseScriptCaches (0ms)
			RebuildScriptCaches (39ms)
			SetupLoadedEditorAssemblies (256ms)
				LogAssemblyErrors (0ms)
				InitializePlatformSupportModulesInManaged (16ms)
				SetLoadedEditorAssemblies (0ms)
				RefreshPlugins (1ms)
				BeforeProcessingInitializeOnLoad (54ms)
				ProcessInitializeOnLoadAttributes (167ms)
				ProcessInitializeOnLoadMethodAttributes (16ms)
				AfterProcessingInitializeOnLoad (2ms)
				EditorAssembliesLoaded (0ms)
			ExecutionOrderSort2 (0ms)
			AwakeInstancesAfterBackupRestoration (5ms)
Platform modules already initialized, skipping
========================================================================
Worker process is ready to serve import requests
Launched and connected shader compiler UnityShaderCompiler.exe after 0.04 seconds
Refreshing native plugins compatible for Editor in 0.79 ms, found 3 plugins.
Preloading 0 native plugins for Editor in 0.00 ms.
Unloading 3086 Unused Serialized files (Serialized files now loaded: 0)
Unloading 22 unused Assets / (284.4 KB). Loaded Objects now: 3570.
Memory consumption went from 125.6 MB to 125.3 MB.
Total: 2.761300 ms (FindLiveObjects: 0.290300 ms CreateObjectMapping: 0.197600 ms MarkObjects: 2.202000 ms  DeleteObjects: 0.070200 ms)

AssetImportParameters requested are different than current active one (requested -> active):
  custom:video-decoder-ogg-theora: a1e56fd34408186e4bbccfd4996cb3dc -> 
  custom:container-muxer-webm: aa71ff27fc2769a1b78a27578f13a17b -> 
  custom:container-demuxer-webm: 4f35f7cbe854078d1ac9338744f61a02 -> 
  custom:video-encoder-webm-vp8: eb34c28f22e8b96e1ab97ce403110664 -> 
  custom:video-codec-MediaFoundation-h265: 746d11721c4dcdbdad8f713fa42b33f4 -> 
  custom:audio-encoder-webm-vorbis: bf7c407c2cedff20999df2af8eb42d56 -> 
  custom:framework-win-MediaFoundation: 216162199b28c13a410421893ffa2e32 -> 
  custom:container-demuxer-ogg: 62fdf1f143b41e24485cea50d1cbac27 -> 
  custom:video-decoder-webm-vp8: 9c59270c3fd7afecdb556c50c9e8de78 -> 
  custom:audio-decoder-ogg-vorbis: bf7c407c2cedff20999df2af8eb42d56 -> 
========================================================================
Received Import Request.
  Time since last request: 719245.837508 seconds.
  path: Assets/_UI/Scripts
  artifactKey: Guid(b441eeb7f8651e348ab00bc363d84951) Importer(815301076,1909f56bfc062723c751e8b465ee728b)
Start importing Assets/_UI/Scripts using Guid(b441eeb7f8651e348ab00bc363d84951) Importer(815301076,1909f56bfc062723c751e8b465ee728b)  -> (artifact id: '1f7f8f2714459ea6a501edb5393df8a5') in 0.014089 seconds 
========================================================================
Received Import Request.
  Time since last request: 718.965967 seconds.
  path: Assets/_UI/Scripts/UI
  artifactKey: Guid(299b7c4a4d6d1bd4580e269df781995a) Importer(815301076,1909f56bfc062723c751e8b465ee728b)
Start importing Assets/_UI/Scripts/UI using Guid(299b7c4a4d6d1bd4580e269df781995a) Importer(815301076,1909f56bfc062723c751e8b465ee728b)  -> (artifact id: 'a2e902b61ea003807b1f61a213a79507') in 0.013360 seconds 
========================================================================
Received Import Request.
  Time since last request: 17.035937 seconds.
  path: Assets/UI Toolkit
  artifactKey: Guid(ab9fcf5d505ae1644a820ec0e8dea729) Importer(815301076,1909f56bfc062723c751e8b465ee728b)
Start importing Assets/UI Toolkit using Guid(ab9fcf5d505ae1644a820ec0e8dea729) Importer(815301076,1909f56bfc062723c751e8b465ee728b)  -> (artifact id: 'b067274b5d36d466f8c12dcba6e01754') in 0.012729 seconds 
========================================================================
Received Import Request.
  Time since last request: 1.604520 seconds.
  path: Assets/UI Toolkit/UnityThemes
  artifactKey: Guid(7c3ddd003b9283b4fb3fc94e20ae1946) Importer(815301076,1909f56bfc062723c751e8b465ee728b)
Start importing Assets/UI Toolkit/UnityThemes using Guid(7c3ddd003b9283b4fb3fc94e20ae1946) Importer(815301076,1909f56bfc062723c751e8b465ee728b)  -> (artifact id: '46894e38f4a6a1c756f818f69dea758b') in 0.013357 seconds 
========================================================================
Received Import Request.
  Time since last request: 136.629333 seconds.
  path: Assets/_UI/Scripts/UI/UICanvas.cs
  artifactKey: Guid(5585b13e05cd5914782c098e66f5fd49) Importer(815301076,1909f56bfc062723c751e8b465ee728b)
Start importing Assets/_UI/Scripts/UI/UICanvas.cs using Guid(5585b13e05cd5914782c098e66f5fd49) Importer(815301076,1909f56bfc062723c751e8b465ee728b)  -> (artifact id: '7912ff44be2b30d0ac44e1e044ecae09') in 0.035822 seconds 
========================================================================
Received Import Request.
  Time since last request: 1045.825437 seconds.
  path: Assets/_UI/Scripts/UI/GameManager.cs
  artifactKey: Guid(18d122c0c9ab7e04198c9cc68aa8cb96) Importer(815301076,1909f56bfc062723c751e8b465ee728b)
Start importing Assets/_UI/Scripts/UI/GameManager.cs using Guid(18d122c0c9ab7e04198c9cc68aa8cb96) Importer(815301076,1909f56bfc062723c751e8b465ee728b)  -> (artifact id: 'c423cdce845a99fc21ac24ecad0877cf') in 0.009808 seconds 
========================================================================
Received Import Request.
  Time since last request: 4.415498 seconds.
  path: Assets/_UI/Scripts/UI/CanvasBlockRaycast.cs
  artifactKey: Guid(3b3f015ae1c1e7b49b9a54b163c2c134) Importer(815301076,1909f56bfc062723c751e8b465ee728b)
Start importing Assets/_UI/Scripts/UI/CanvasBlockRaycast.cs using Guid(3b3f015ae1c1e7b49b9a54b163c2c134) Importer(815301076,1909f56bfc062723c751e8b465ee728b)  -> (artifact id: '51a08856e313123d7098264a94f8007c') in 0.009409 seconds 
========================================================================
Received Import Request.
  Time since last request: 21.162460 seconds.
  path: Assets/_UI/Scripts/MianMenu.cs
  artifactKey: Guid(2c973f39cd8970e45b8d549142984295) Importer(815301076,1909f56bfc062723c751e8b465ee728b)
Start importing Assets/_UI/Scripts/MianMenu.cs using Guid(2c973f39cd8970e45b8d549142984295) Importer(815301076,1909f56bfc062723c751e8b465ee728b)  -> (artifact id: '394a1b970340b0afffd6d151cee0c629') in 0.013991 seconds 
